GPSAppA/app/build 2/intermediates/manifest_merge_blame_file/debug/manifest-merger-blame-debug-report.txt
1<?xml version="1.0" encoding="utf-8"?>
2<manifest xmlns:android="http://schemas.android.com/apk/res/android"
3    package="com.example.gpsappa"
4    android:versionCode="1"
5    android:versionName="1.0" >
6
7    <uses-sdk
8        android:minSdkVersion="26"
8-->src/main/AndroidManifest.xml
9        android:targetSdkVersion="26" />
9-->src/main/AndroidManifest.xml
10
11    <uses-permission android:name="android.permission.ACCESS_FINE_LOCATION" />
11-->src/main/AndroidManifest.xml:6:5-79
11-->src/main/AndroidManifest.xml:6:22-76
12    <uses-permission android:name="android.permission.ACCESS_COARSE_LOCATION" />
12-->src/main/AndroidManifest.xml:7:5-81
12-->src/main/AndroidManifest.xml:7:22-78
13    <uses-permission android:name="android.permission.ACCESS_NETWORK_STATE" />
13-->src/main/AndroidManifest.xml:8:5-79
13-->src/main/AndroidManifest.xml:8:22-76
14    <uses-permission android:name="android.permission.INTERNET" />
14-->src/main/AndroidManifest.xml:9:5-67
14-->src/main/AndroidManifest.xml:9:22-64
15
16    <uses-feature
16-->[com.google.android.gms:play-services-maps:18.0.2] AndroidManifest.xml:26:5-28:35
17        android:glEsVersion="0x00020000"
17-->[com.google.android.gms:play-services-maps:18.0.2] AndroidManifest.xml:27:9-41
18        android:required="true" />
18-->[com.google.android.gms:play-services-maps:18.0.2] AndroidManifest.xml:28:9-32
19
20    <queries>
20-->[com.google.android.gms:play-services-maps:18.0.2] AndroidManifest.xml:30:5-34:15
21
22        <!-- Needs to be explicitly declared on Android R+ -->
23        <package android:name="com.google.android.apps.maps" />
23-->[com.google.android.gms:play-services-maps:18.0.2] AndroidManifest.xml:33:9-64
23-->[com.google.android.gms:play-services-maps:18.0.2] AndroidManifest.xml:33:18-61
24    </queries>
25
26    <application
26-->src/main/AndroidManifest.xml:11:5-53:19
27        android:name="com.example.gpsappa.GPSApplication"
27-->src/main/AndroidManifest.xml:12:9-39
28        android:allowBackup="true"
28-->src/main/AndroidManifest.xml:13:9-35
29        android:appComponentFactory="androidx.core.app.CoreComponentFactory"
29-->[androidx.core:core:1.7.0] AndroidManifest.xml:24:18-86
30        android:debuggable="true"
31        android:extractNativeLibs="false"
32        android:icon="@mipmap/ic_launcher"
32-->src/main/AndroidManifest.xml:14:9-43
33        android:label="@string/app_name"
33-->src/main/AndroidManifest.xml:15:9-41
34        android:roundIcon="@mipmap/ic_launcher_round"
34-->src/main/AndroidManifest.xml:16:9-54
35        android:supportsRtl="true"
35-->src/main/AndroidManifest.xml:17:9-35
36        android:testOnly="true"
37        android:theme="@style/Theme.GPSAppA" >
37-->src/main/AndroidManifest.xml:18:9-45
38        <activity
38-->src/main/AndroidManifest.xml:19:9-27:20
39            android:name="com.example.gpsappa.SignInActivity"
39-->src/main/AndroidManifest.xml:20:13-43
40            android:exported="true" >
40-->src/main/AndroidManifest.xml:21:13-36
41            <intent-filter>
41-->src/main/AndroidManifest.xml:22:13-26:29
42                <action android:name="android.intent.action.MAIN" />
42-->src/main/AndroidManifest.xml:23:17-69
42-->src/main/AndroidManifest.xml:23:25-66
43
44                <category android:name="android.intent.category.LAUNCHER" />
44-->src/main/AndroidManifest.xml:25:17-77
44-->src/main/AndroidManifest.xml:25:27-74
45            </intent-filter>
46        </activity>
47        <!--
48             TODO: Before you run your application, you need a Google Maps API key.
49
50             To get one, follow the directions here:
51
52                https://developers.google.com/maps/documentation/android-sdk/get-api-key
53
54             Once you have your API key (it starts with "AIza"), define a new property in your
55             project's local.properties file (e.g. MAPS_API_KEY=Aiza...), and replace the
56             "YOUR_API_KEY" string in this file with "${MAPS_API_KEY}".
57        -->
58        <meta-data
58-->src/main/AndroidManifest.xml:39:9-41:71
59            android:name="com.google.android.geo.API_KEY"
59-->src/main/AndroidManifest.xml:40:13-58
60            android:value="AIzaSyDfN0N_1sFGr6l-3U2yTl0ZWfN5Qv3g5pA" />
60-->src/main/AndroidManifest.xml:41:13-68
61
62        <activity
62-->src/main/AndroidManifest.xml:43:9-45:40
63            android:name="com.example.gpsappa.ShowWaypointList"
63-->src/main/AndroidManifest.xml:44:13-45
64            android:exported="false" />
64-->src/main/AndroidManifest.xml:45:13-37
65        <activity
65-->src/main/AndroidManifest.xml:46:9-48:40
66            android:name="com.example.gpsappa.MapsActivity"
66-->src/main/AndroidManifest.xml:47:13-41
67            android:exported="false" />
67-->src/main/AndroidManifest.xml:48:13-37
68        <activity
68-->src/main/AndroidManifest.xml:49:9-52:20
69            android:name="com.example.gpsappa.MainActivity"
69-->src/main/AndroidManifest.xml:50:13-41
70            android:exported="false" >
70-->src/main/AndroidManifest.xml:51:13-37
71        </activity>
72        <!-- Needs to be explicitly declared on P+ -->
73        <uses-library
73-->[com.google.android.gms:play-services-maps:18.0.2] AndroidManifest.xml:39:9-41:40
74            android:name="org.apache.http.legacy"
74-->[com.google.android.gms:play-services-maps:18.0.2] AndroidManifest.xml:40:13-50
75            android:required="false" />
75-->[com.google.android.gms:play-services-maps:18.0.2] AndroidManifest.xml:41:13-37
76
77        <activity
77-->[com.google.android.gms:play-services-auth:20.1.0] AndroidManifest.xml:23:9-27:75
78            android:name="com.google.android.gms.auth.api.signin.internal.SignInHubActivity"
78-->[com.google.android.gms:play-services-auth:20.1.0] AndroidManifest.xml:24:13-93
79            android:excludeFromRecents="true"
79-->[com.google.android.gms:play-services-auth:20.1.0] AndroidManifest.xml:25:13-46
80            android:exported="false"
80-->[com.google.android.gms:play-services-auth:20.1.0] AndroidManifest.xml:26:13-37
81            android:theme="@android:style/Theme.Translucent.NoTitleBar" />
81-->[com.google.android.gms:play-services-auth:20.1.0] AndroidManifest.xml:27:13-72
82        <!--
83            Service handling Google Sign-In user revocation. For apps that do not integrate with
84            Google Sign-In, this service will never be started.
85        -->
86        <service
86-->[com.google.android.gms:play-services-auth:20.1.0] AndroidManifest.xml:33:9-37:51
87            android:name="com.google.android.gms.auth.api.signin.RevocationBoundService"
87-->[com.google.android.gms:play-services-auth:20.1.0] AndroidManifest.xml:34:13-89
88            android:exported="true"
88-->[com.google.android.gms:play-services-auth:20.1.0] AndroidManifest.xml:35:13-36
89            android:permission="com.google.android.gms.auth.api.signin.permission.REVOCATION_NOTIFICATION"
89-->[com.google.android.gms:play-services-auth:20.1.0] AndroidManifest.xml:36:13-107
90            android:visibleToInstantApps="true" />
90-->[com.google.android.gms:play-services-auth:20.1.0] AndroidManifest.xml:37:13-48
91
92        <activity
92-->[com.google.android.gms:play-services-base:18.0.1] AndroidManifest.xml:20:9-22:45
93            android:name="com.google.android.gms.common.api.GoogleApiActivity"
93-->[com.google.android.gms:play-services-base:18.0.1] AndroidManifest.xml:20:19-85
94            android:exported="false"
94-->[com.google.android.gms:play-services-base:18.0.1] AndroidManifest.xml:22:19-43
95            android:theme="@android:style/Theme.Translucent.NoTitleBar" />
95-->[com.google.android.gms:play-services-base:18.0.1] AndroidManifest.xml:21:19-78
96
97        <meta-data
97-->[com.google.android.gms:play-services-basement:18.0.0] AndroidManifest.xml:21:9-23:69
98            android:name="com.google.android.gms.version"
98-->[com.google.android.gms:play-services-basement:18.0.0] AndroidManifest.xml:22:13-58
99            android:value="@integer/google_play_services_version" />
99-->[com.google.android.gms:play-services-basement:18.0.0] AndroidManifest.xml:23:13-66
100
101        <provider
101-->[androidx.emoji2:emoji2:1.0.0] AndroidManifest.xml:26:9-34:20
102            android:name="androidx.startup.InitializationProvider"
102-->[androidx.emoji2:emoji2:1.0.0] AndroidManifest.xml:27:13-67
103            android:authorities="com.example.gpsappa.androidx-startup"
103-->[androidx.emoji2:emoji2:1.0.0] AndroidManifest.xml:28:13-68
104            android:exported="false" >
104-->[androidx.emoji2:emoji2:1.0.0] AndroidManifest.xml:29:13-37
105            <meta-data
105-->[androidx.emoji2:emoji2:1.0.0] AndroidManifest.xml:31:13-33:52
106                android:name="androidx.emoji2.text.EmojiCompatInitializer"
106-->[androidx.emoji2:emoji2:1.0.0] AndroidManifest.xml:32:17-75
107                android:value="androidx.startup" />
107-->[androidx.emoji2:emoji2:1.0.0] AndroidManifest.xml:33:17-49
108            <meta-data
108-->[androidx.lifecycle:lifecycle-process:2.4.0] AndroidManifest.xml:31:13-33:52
109                android:name="androidx.lifecycle.ProcessLifecycleInitializer"
109-->[androidx.lifecycle:lifecycle-process:2.4.0] AndroidManifest.xml:32:17-78
110                android:value="androidx.startup" />
110-->[androidx.lifecycle:lifecycle-process:2.4.0] AndroidManifest.xml:33:17-49
111        </provider>
112    </application>
113
114</manifest>